[INFO]-[2022/10/05 17:57:40] Cloning: 1664992653492's clone job's data is not in database, generating data
[INFO]-[2022/10/05 17:57:41] DB Copy: Creating table wpstg0_actionscheduler_actions
[INFO]-[2022/10/05 17:57:41] DB Copy: Table wp_actionscheduler_actions contains 78 rows 
[INFO]-[2022/10/05 17:57:41] DB Copy: Copy data from wp_actionscheduler_actions to wpstg0_actionscheduler_actions - 0 to 10000 records
[INFO]-[2022/10/05 17:57:42] DB Copy: Creating table wpstg0_actionscheduler_claims
[INFO]-[2022/10/05 17:57:42] DB Copy: Table wp_actionscheduler_claims contains 0 rows 
[INFO]-[2022/10/05 17:57:42] DB Copy: Creating table wpstg0_actionscheduler_groups
[INFO]-[2022/10/05 17:57:42] DB Copy: Table wp_actionscheduler_groups contains 2 rows 
[INFO]-[2022/10/05 17:57:42] DB Copy: Copy data from wp_actionscheduler_groups to wpstg0_actionscheduler_groups - 0 to 10000 records
[INFO]-[2022/10/05 17:57:42] DB Copy: Creating table wpstg0_actionscheduler_logs
[INFO]-[2022/10/05 17:57:43] DB Copy: Table wp_actionscheduler_logs contains 230 rows 
[INFO]-[2022/10/05 17:57:43] DB Copy: Copy data from wp_actionscheduler_logs to wpstg0_actionscheduler_logs - 0 to 10000 records
[INFO]-[2022/10/05 17:57:43] DB Copy: Creating table wpstg0_commentmeta
[INFO]-[2022/10/05 17:57:43] DB Copy: Table wp_commentmeta contains 0 rows 
[INFO]-[2022/10/05 17:57:43] DB Copy: Creating table wpstg0_comments
[INFO]-[2022/10/05 17:57:43] DB Copy: Table wp_comments contains 0 rows 
[INFO]-[2022/10/05 17:57:44] DB Copy: Creating table wpstg0_e_events
[INFO]-[2022/10/05 17:57:44] DB Copy: Table wp_e_events contains 0 rows 
[INFO]-[2022/10/05 17:57:44] DB Copy: Creating table wpstg0_ff_scheduled_actions
[INFO]-[2022/10/05 17:57:44] DB Copy: Table wp_ff_scheduled_actions contains 0 rows 
[INFO]-[2022/10/05 17:57:45] DB Copy: Creating table wpstg0_fluentform_entry_details
[INFO]-[2022/10/05 17:57:45] DB Copy: Table wp_fluentform_entry_details contains 12 rows 
[INFO]-[2022/10/05 17:57:45] DB Copy: Copy data from wp_fluentform_entry_details to wpstg0_fluentform_entry_details - 0 to 10000 records
[INFO]-[2022/10/05 17:57:45] DB Copy: Creating table wpstg0_fluentform_form_analytics
[INFO]-[2022/10/05 17:57:45] DB Copy: Table wp_fluentform_form_analytics contains 1610 rows 
[INFO]-[2022/10/05 17:57:45] DB Copy: Copy data from wp_fluentform_form_analytics to wpstg0_fluentform_form_analytics - 0 to 10000 records
[INFO]-[2022/10/05 17:57:46] DB Copy: Creating table wpstg0_fluentform_form_meta
[INFO]-[2022/10/05 17:57:46] DB Copy: Table wp_fluentform_form_meta contains 6 rows 
[INFO]-[2022/10/05 17:57:46] DB Copy: Copy data from wp_fluentform_form_meta to wpstg0_fluentform_form_meta - 0 to 10000 records
[INFO]-[2022/10/05 17:57:46] DB Copy: Creating table wpstg0_fluentform_forms
[INFO]-[2022/10/05 17:57:46] DB Copy: Table wp_fluentform_forms contains 2 rows 
[INFO]-[2022/10/05 17:57:46] DB Copy: Copy data from wp_fluentform_forms to wpstg0_fluentform_forms - 0 to 10000 records
[INFO]-[2022/10/05 17:57:47] DB Copy: Creating table wpstg0_fluentform_logs
[INFO]-[2022/10/05 17:57:47] DB Copy: Table wp_fluentform_logs contains 3 rows 
[INFO]-[2022/10/05 17:57:47] DB Copy: Copy data from wp_fluentform_logs to wpstg0_fluentform_logs - 0 to 10000 records
[INFO]-[2022/10/05 17:57:47] DB Copy: Creating table wpstg0_fluentform_submission_meta
[INFO]-[2022/10/05 17:57:47] DB Copy: Table wp_fluentform_submission_meta contains 6 rows 
[INFO]-[2022/10/05 17:57:47] DB Copy: Copy data from wp_fluentform_submission_meta to wpstg0_fluentform_submission_meta - 0 to 10000 records
[INFO]-[2022/10/05 17:57:48] DB Copy: Creating table wpstg0_fluentform_submissions
[INFO]-[2022/10/05 17:57:48] DB Copy: Table wp_fluentform_submissions contains 3 rows 
[INFO]-[2022/10/05 17:57:48] DB Copy: Copy data from wp_fluentform_submissions to wpstg0_fluentform_submissions - 0 to 10000 records
[INFO]-[2022/10/05 17:57:48] DB Copy: Creating table wpstg0_links
[INFO]-[2022/10/05 17:57:48] DB Copy: Table wp_links contains 0 rows 
[INFO]-[2022/10/05 17:57:49] DB Copy: Creating table wpstg0_options
[INFO]-[2022/10/05 17:57:49] DB Copy: Table wp_options contains 280 rows 
[INFO]-[2022/10/05 17:57:49] DB Copy: Copy data from wp_options to wpstg0_options - 0 to 10000 records
[INFO]-[2022/10/05 17:57:49] DB Copy: Creating table wpstg0_postmeta
[INFO]-[2022/10/05 17:57:49] DB Copy: Table wp_postmeta contains 2374 rows 
[INFO]-[2022/10/05 17:57:49] DB Copy: Copy data from wp_postmeta to wpstg0_postmeta - 0 to 10000 records
[INFO]-[2022/10/05 17:57:50] DB Copy: Creating table wpstg0_posts
[INFO]-[2022/10/05 17:57:50] DB Copy: Table wp_posts contains 329 rows 
[INFO]-[2022/10/05 17:57:50] DB Copy: Copy data from wp_posts to wpstg0_posts - 0 to 10000 records
[INFO]-[2022/10/05 17:57:51] DB Copy: Creating table wpstg0_term_relationships
[INFO]-[2022/10/05 17:57:51] DB Copy: Table wp_term_relationships contains 42 rows 
[INFO]-[2022/10/05 17:57:51] DB Copy: Copy data from wp_term_relationships to wpstg0_term_relationships - 0 to 10000 records
[INFO]-[2022/10/05 17:57:52] DB Copy: Creating table wpstg0_term_taxonomy
[INFO]-[2022/10/05 17:57:52] DB Copy: Table wp_term_taxonomy contains 14 rows 
[INFO]-[2022/10/05 17:57:52] DB Copy: Copy data from wp_term_taxonomy to wpstg0_term_taxonomy - 0 to 10000 records
[INFO]-[2022/10/05 17:57:52] DB Copy: Creating table wpstg0_termmeta
[INFO]-[2022/10/05 17:57:52] DB Copy: Table wp_termmeta contains 11 rows 
[INFO]-[2022/10/05 17:57:52] DB Copy: Copy data from wp_termmeta to wpstg0_termmeta - 0 to 10000 records
[INFO]-[2022/10/05 17:57:53] DB Copy: Creating table wpstg0_terms
[INFO]-[2022/10/05 17:57:53] DB Copy: Table wp_terms contains 14 rows 
[INFO]-[2022/10/05 17:57:53] DB Copy: Copy data from wp_terms to wpstg0_terms - 0 to 10000 records
[INFO]-[2022/10/05 17:57:53] DB Copy: Creating table wpstg0_usermeta
[INFO]-[2022/10/05 17:57:53] DB Copy: Table wp_usermeta contains 57 rows 
[INFO]-[2022/10/05 17:57:53] DB Copy: Copy data from wp_usermeta to wpstg0_usermeta - 0 to 10000 records
[INFO]-[2022/10/05 17:57:54] DB Copy: Creating table wpstg0_users
[INFO]-[2022/10/05 17:57:54] DB Copy: Table wp_users contains 2 rows 
[INFO]-[2022/10/05 17:57:54] DB Copy: Copy data from wp_users to wpstg0_users - 0 to 10000 records
[INFO]-[2022/10/05 17:57:54] DB Copy: Creating table wpstg0_wpsp_notifications
[INFO]-[2022/10/05 17:57:54] DB Copy: Table wp_wpsp_notifications contains 3 rows 
[INFO]-[2022/10/05 17:57:54] DB Copy: Copy data from wp_wpsp_notifications to wpstg0_wpsp_notifications - 0 to 10000 records
[INFO]-[2022/10/05 17:57:54] DB Copy: Creating table wpstg0_wpsp_transactions
[INFO]-[2022/10/05 17:57:55] DB Copy: Table wp_wpsp_transactions contains 0 rows 
[INFO]-[2022/10/05 17:57:55] DB Copy: Creating table wpstg0_wpstg_queue
[INFO]-[2022/10/05 17:57:55] DB Copy: Table wp_wpstg_queue contains 0 rows 
[INFO]-[2022/10/05 17:57:55] DB Copy: Creating table wpstg0_zbs_admlog
[INFO]-[2022/10/05 17:57:55] DB Copy: Table wp_zbs_admlog contains 0 rows 
[INFO]-[2022/10/05 17:57:56] DB Copy: Creating table wpstg0_zbs_aka
[INFO]-[2022/10/05 17:57:56] DB Copy: Table wp_zbs_aka contains 0 rows 
[INFO]-[2022/10/05 17:57:56] DB Copy: Creating table wpstg0_zbs_companies
[INFO]-[2022/10/05 17:57:56] DB Copy: Table wp_zbs_companies contains 0 rows 
[INFO]-[2022/10/05 17:57:57] DB Copy: Creating table wpstg0_zbs_contacts
[INFO]-[2022/10/05 17:57:57] DB Copy: Table wp_zbs_contacts contains 0 rows 
[INFO]-[2022/10/05 17:57:57] DB Copy: Creating table wpstg0_zbs_customfields
[INFO]-[2022/10/05 17:57:57] DB Copy: Table wp_zbs_customfields contains 0 rows 
[INFO]-[2022/10/05 17:57:58] DB Copy: Creating table wpstg0_zbs_dbmigration_meta
[INFO]-[2022/10/05 17:57:58] DB Copy: Table wp_zbs_dbmigration_meta contains 0 rows 
[INFO]-[2022/10/05 17:57:58] DB Copy: Creating table wpstg0_zbs_dbmigration_posts
[INFO]-[2022/10/05 17:57:58] DB Copy: Table wp_zbs_dbmigration_posts contains 0 rows 
[INFO]-[2022/10/05 17:57:59] DB Copy: Creating table wpstg0_zbs_event_reminders
[INFO]-[2022/10/05 17:57:59] DB Copy: Table wp_zbs_event_reminders contains 0 rows 
[INFO]-[2022/10/05 17:57:59] DB Copy: Creating table wpstg0_zbs_events
[INFO]-[2022/10/05 17:57:59] DB Copy: Table wp_zbs_events contains 0 rows 
[INFO]-[2022/10/05 17:58:00] DB Copy: Creating table wpstg0_zbs_externalsources
[INFO]-[2022/10/05 17:58:00] DB Copy: Table wp_zbs_externalsources contains 0 rows 
[INFO]-[2022/10/05 17:58:00] DB Copy: Creating table wpstg0_zbs_forms
[INFO]-[2022/10/05 17:58:00] DB Copy: Table wp_zbs_forms contains 0 rows 
[INFO]-[2022/10/05 17:58:01] DB Copy: Creating table wpstg0_zbs_invoices
[INFO]-[2022/10/05 17:58:01] DB Copy: Table wp_zbs_invoices contains 1 rows 
[INFO]-[2022/10/05 17:58:01] DB Copy: Copy data from wp_zbs_invoices to wpstg0_zbs_invoices - 0 to 10000 records
[INFO]-[2022/10/05 17:58:01] DB Copy: Creating table wpstg0_zbs_lineitems
[INFO]-[2022/10/05 17:58:01] DB Copy: Table wp_zbs_lineitems contains 1 rows 
[INFO]-[2022/10/05 17:58:01] DB Copy: Copy data from wp_zbs_lineitems to wpstg0_zbs_lineitems - 0 to 10000 records
[INFO]-[2022/10/05 17:58:02] DB Copy: Creating table wpstg0_zbs_logs
[INFO]-[2022/10/05 17:58:02] DB Copy: Table wp_zbs_logs contains 0 rows 
[INFO]-[2022/10/05 17:58:02] DB Copy: Creating table wpstg0_zbs_meta
[INFO]-[2022/10/05 17:58:02] DB Copy: Table wp_zbs_meta contains 0 rows 
[INFO]-[2022/10/05 17:58:03] DB Copy: Creating table wpstg0_zbs_notifications
[INFO]-[2022/10/05 17:58:03] DB Copy: Table wp_zbs_notifications contains 0 rows 
[INFO]-[2022/10/05 17:58:03] DB Copy: Creating table wpstg0_zbs_object_links
[INFO]-[2022/10/05 17:58:03] DB Copy: Table wp_zbs_object_links contains 1 rows 
[INFO]-[2022/10/05 17:58:03] DB Copy: Copy data from wp_zbs_object_links to wpstg0_zbs_object_links - 0 to 10000 records
[INFO]-[2022/10/05 17:58:04] DB Copy: Creating table wpstg0_zbs_quotes
[INFO]-[2022/10/05 17:58:04] DB Copy: Table wp_zbs_quotes contains 0 rows 
[INFO]-[2022/10/05 17:58:04] DB Copy: Creating table wpstg0_zbs_quotes_templates
[INFO]-[2022/10/05 17:58:04] DB Copy: Table wp_zbs_quotes_templates contains 1 rows 
[INFO]-[2022/10/05 17:58:04] DB Copy: Copy data from wp_zbs_quotes_templates to wpstg0_zbs_quotes_templates - 0 to 10000 records
[INFO]-[2022/10/05 17:58:05] DB Copy: Creating table wpstg0_zbs_security_log
[INFO]-[2022/10/05 17:58:05] DB Copy: Table wp_zbs_security_log contains 0 rows 
[INFO]-[2022/10/05 17:58:05] DB Copy: Creating table wpstg0_zbs_segments
[INFO]-[2022/10/05 17:58:05] DB Copy: Table wp_zbs_segments contains 0 rows 
[INFO]-[2022/10/05 17:58:06] DB Copy: Creating table wpstg0_zbs_segments_conditions
[INFO]-[2022/10/05 17:58:06] DB Copy: Table wp_zbs_segments_conditions contains 0 rows 
[INFO]-[2022/10/05 17:58:06] DB Copy: Creating table wpstg0_zbs_settings
[INFO]-[2022/10/05 17:58:06] DB Copy: Table wp_zbs_settings contains 143 rows 
[INFO]-[2022/10/05 17:58:06] DB Copy: Copy data from wp_zbs_settings to wpstg0_zbs_settings - 0 to 10000 records
[INFO]-[2022/10/05 17:58:07] DB Copy: Creating table wpstg0_zbs_sys_cronmanagerlogs
[INFO]-[2022/10/05 17:58:07] DB Copy: Table wp_zbs_sys_cronmanagerlogs contains 0 rows 
[INFO]-[2022/10/05 17:58:07] DB Copy: Creating table wpstg0_zbs_sys_email
[INFO]-[2022/10/05 17:58:07] DB Copy: Table wp_zbs_sys_email contains 8 rows 
[INFO]-[2022/10/05 17:58:07] DB Copy: Copy data from wp_zbs_sys_email to wpstg0_zbs_sys_email - 0 to 10000 records
[INFO]-[2022/10/05 17:58:08] DB Copy: Creating table wpstg0_zbs_sys_email_hist
[INFO]-[2022/10/05 17:58:08] DB Copy: Table wp_zbs_sys_email_hist contains 0 rows 
[INFO]-[2022/10/05 17:58:08] DB Copy: Creating table wpstg0_zbs_tags
[INFO]-[2022/10/05 17:58:08] DB Copy: Table wp_zbs_tags contains 0 rows 
[INFO]-[2022/10/05 17:58:09] DB Copy: Creating table wpstg0_zbs_tags_links
[INFO]-[2022/10/05 17:58:09] DB Copy: Table wp_zbs_tags_links contains 0 rows 
[INFO]-[2022/10/05 17:58:09] DB Copy: Creating table wpstg0_zbs_tax_table
[INFO]-[2022/10/05 17:58:09] DB Copy: Table wp_zbs_tax_table contains 0 rows 
[INFO]-[2022/10/05 17:58:09] DB Copy: Creating table wpstg0_zbs_temphash
[INFO]-[2022/10/05 17:58:09] DB Copy: Table wp_zbs_temphash contains 0 rows 
[INFO]-[2022/10/05 17:58:10] DB Copy: Creating table wpstg0_zbs_tracking
[INFO]-[2022/10/05 17:58:10] DB Copy: Table wp_zbs_tracking contains 0 rows 
[INFO]-[2022/10/05 17:58:10] DB Copy: Creating table wpstg0_zbs_transactions
[INFO]-[2022/10/05 17:58:11] DB Copy: Table wp_zbs_transactions contains 0 rows 
[INFO]-[2022/10/05 17:58:11] DB Copy: Creating table wpstg0_zbscrm_api_keys
[INFO]-[2022/10/05 17:58:11] DB Copy: Table wp_zbscrm_api_keys contains 0 rows 
[INFO]-[2022/10/05 17:58:12] DB Search & Replace:  Table wpstg0_actionscheduler_actions 0 to 20000 records
[INFO]-[2022/10/05 17:58:13] DB Search & Replace:  Table wpstg0_actionscheduler_groups 0 to 20000 records
[INFO]-[2022/10/05 17:58:14] DB Search & Replace:  Table wpstg0_actionscheduler_logs 0 to 20000 records
[INFO]-[2022/10/05 17:58:16] DB Search & Replace:  Table wpstg0_fluentform_entry_details 0 to 20000 records
[INFO]-[2022/10/05 17:58:16] DB Search & Replace:  Table wpstg0_fluentform_form_analytics 0 to 20000 records
[INFO]-[2022/10/05 17:58:17] DB Search & Replace:  Table wpstg0_fluentform_form_meta 0 to 20000 records
[INFO]-[2022/10/05 17:58:17] DB Search & Replace:  Table wpstg0_fluentform_forms 0 to 20000 records
[INFO]-[2022/10/05 17:58:18] DB Search & Replace:  Table wpstg0_fluentform_logs 0 to 20000 records
[INFO]-[2022/10/05 17:58:18] DB Search & Replace:  Table wpstg0_fluentform_submission_meta 0 to 20000 records
[INFO]-[2022/10/05 17:58:19] DB Search & Replace:  Table wpstg0_fluentform_submissions 0 to 20000 records
[INFO]-[2022/10/05 17:58:20] DB Search & Replace:  Table wpstg0_options 0 to 20000 records
[INFO]-[2022/10/05 17:58:20] DB Search & Replace:  Table wpstg0_postmeta 0 to 20000 records
[INFO]-[2022/10/05 17:58:21] DB Search & Replace:  Table wpstg0_posts 0 to 20000 records
[INFO]-[2022/10/05 17:58:22] DB Search & Replace:  Table wpstg0_term_relationships 0 to 20000 records
[INFO]-[2022/10/05 17:58:22] DB Search & Replace:  Table wpstg0_term_taxonomy 0 to 20000 records
[INFO]-[2022/10/05 17:58:23] DB Search & Replace:  Table wpstg0_termmeta 0 to 20000 records
[INFO]-[2022/10/05 17:58:23] DB Search & Replace:  Table wpstg0_terms 0 to 20000 records
[INFO]-[2022/10/05 17:58:24] DB Search & Replace:  Table wpstg0_usermeta 0 to 20000 records
[INFO]-[2022/10/05 17:58:24] DB Search & Replace:  Table wpstg0_users 0 to 20000 records
[INFO]-[2022/10/05 17:58:24] DB Search & Replace:  Table wpstg0_wpsp_notifications 0 to 20000 records
[INFO]-[2022/10/05 17:58:30] DB Search & Replace:  Table wpstg0_zbs_invoices 0 to 20000 records
[INFO]-[2022/10/05 17:58:31] DB Search & Replace:  Table wpstg0_zbs_lineitems 0 to 20000 records
[INFO]-[2022/10/05 17:58:32] DB Search & Replace:  Table wpstg0_zbs_object_links 0 to 20000 records
[INFO]-[2022/10/05 17:58:33] DB Search & Replace:  Table wpstg0_zbs_quotes_templates 0 to 20000 records
[INFO]-[2022/10/05 17:58:35] DB Search & Replace:  Table wpstg0_zbs_settings 0 to 20000 records
[INFO]-[2022/10/05 17:58:36] DB Search & Replace:  Table wpstg0_zbs_sys_email 0 to 20000 records
[INFO]-[2022/10/05 17:58:40] Scanning / for its files
[INFO]-[2022/10/05 17:58:41] Scanning wp-content/plugins/ and its sub-directories and files
[INFO]-[2022/10/05 17:58:41] Scanning wp-content/mu-plugins/ and its sub-directories and files
[INFO]-[2022/10/05 17:58:42] Scanning wp-content/themes/ and its sub-directories and files
[INFO]-[2022/10/05 17:58:42] Scanning wp-content/uploads/ and its sub-directories and files
[INFO]-[2022/10/05 17:58:42] Scanning wp-content/ for other directories and files
[INFO]-[2022/10/05 17:58:43] Scanning wp-includes/ for its sub-directories and files
[INFO]-[2022/10/05 17:58:43] Scanning wp-admin/ for its sub-directories and files
[INFO]-[2022/10/05 17:58:44] Copying files...
[INFO]-[2022/10/05 17:58:45] Total 50 files processed
[INFO]-[2022/10/05 17:58:45] Total 100 files processed
[INFO]-[2022/10/05 17:58:45] Total 150 files processed
[INFO]-[2022/10/05 17:58:46] Total 200 files processed
[INFO]-[2022/10/05 17:58:47] Total 250 files processed
[INFO]-[2022/10/05 17:58:48] Total 300 files processed
[INFO]-[2022/10/05 17:58:48] Total 350 files processed
[INFO]-[2022/10/05 17:58:49] Total 400 files processed
[INFO]-[2022/10/05 17:58:49] Total 450 files processed
[INFO]-[2022/10/05 17:58:50] Total 500 files processed
[INFO]-[2022/10/05 17:58:50] Total 550 files processed
[INFO]-[2022/10/05 17:58:51] Total 600 files processed
[INFO]-[2022/10/05 17:58:52] Total 650 files processed
[INFO]-[2022/10/05 17:58:52] Total 700 files processed
[INFO]-[2022/10/05 17:58:53] Total 750 files processed
[INFO]-[2022/10/05 17:58:54] Total 800 files processed
[INFO]-[2022/10/05 17:58:54] Total 850 files processed
[INFO]-[2022/10/05 17:58:55] Total 900 files processed
[INFO]-[2022/10/05 17:58:55] Total 950 files processed
[INFO]-[2022/10/05 17:58:56] Total 1000 files processed
[INFO]-[2022/10/05 17:58:56] Total 1050 files processed
[INFO]-[2022/10/05 17:58:57] Total 1100 files processed
[INFO]-[2022/10/05 17:58:57] Total 1150 files processed
[INFO]-[2022/10/05 17:58:58] Total 1200 files processed
[INFO]-[2022/10/05 17:58:58] Total 1250 files processed
[INFO]-[2022/10/05 17:58:59] Total 1300 files processed
[INFO]-[2022/10/05 17:58:59] Total 1350 files processed
[INFO]-[2022/10/05 17:59:00] Total 1400 files processed
[INFO]-[2022/10/05 17:59:01] Total 1450 files processed
[INFO]-[2022/10/05 17:59:01] Total 1500 files processed
[INFO]-[2022/10/05 17:59:02] Total 1550 files processed
[INFO]-[2022/10/05 17:59:02] Total 1600 files processed
[INFO]-[2022/10/05 17:59:02] Total 1650 files processed
[INFO]-[2022/10/05 17:59:03] Total 1700 files processed
[INFO]-[2022/10/05 17:59:03] Total 1750 files processed
[INFO]-[2022/10/05 17:59:04] Total 1800 files processed
[INFO]-[2022/10/05 17:59:04] Total 1850 files processed
[INFO]-[2022/10/05 17:59:05] Total 1900 files processed
[INFO]-[2022/10/05 17:59:05] Total 1950 files processed
[INFO]-[2022/10/05 17:59:06] Total 2000 files processed
[INFO]-[2022/10/05 17:59:06] Total 2050 files processed
[INFO]-[2022/10/05 17:59:07] Total 2100 files processed
[INFO]-[2022/10/05 17:59:07] Total 2150 files processed
[INFO]-[2022/10/05 17:59:08] Total 2200 files processed
[INFO]-[2022/10/05 17:59:08] Total 2250 files processed
[INFO]-[2022/10/05 17:59:09] Total 2300 files processed
[INFO]-[2022/10/05 17:59:09] Total 2350 files processed
[INFO]-[2022/10/05 17:59:10] Total 2400 files processed
[INFO]-[2022/10/05 17:59:10] Total 2450 files processed
[INFO]-[2022/10/05 17:59:11] Total 2500 files processed
[INFO]-[2022/10/05 17:59:11] Total 2550 files processed
[INFO]-[2022/10/05 17:59:12] Total 2600 files processed
[INFO]-[2022/10/05 17:59:12] Total 2650 files processed
[INFO]-[2022/10/05 17:59:13] Total 2700 files processed
[INFO]-[2022/10/05 17:59:13] Total 2750 files processed
[INFO]-[2022/10/05 17:59:14] Total 2800 files processed
[INFO]-[2022/10/05 17:59:14] Total 2850 files processed
[INFO]-[2022/10/05 17:59:15] Total 2900 files processed
[INFO]-[2022/10/05 17:59:15] Total 2950 files processed
[INFO]-[2022/10/05 17:59:16] Total 3000 files processed
[INFO]-[2022/10/05 17:59:16] Total 3050 files processed
[INFO]-[2022/10/05 17:59:16] Total 3100 files processed
[INFO]-[2022/10/05 17:59:17] Total 3150 files processed
[INFO]-[2022/10/05 17:59:17] Total 3200 files processed
[INFO]-[2022/10/05 17:59:18] Total 3250 files processed
[INFO]-[2022/10/05 17:59:18] Total 3300 files processed
[INFO]-[2022/10/05 17:59:19] Total 3350 files processed
[INFO]-[2022/10/05 17:59:19] Total 3400 files processed
[INFO]-[2022/10/05 17:59:20] Total 3450 files processed
[INFO]-[2022/10/05 17:59:20] Total 3500 files processed
[INFO]-[2022/10/05 17:59:21] Total 3550 files processed
[INFO]-[2022/10/05 17:59:21] Total 3600 files processed
[INFO]-[2022/10/05 17:59:21] Total 3650 files processed
[INFO]-[2022/10/05 17:59:22] Total 3700 files processed
[INFO]-[2022/10/05 17:59:22] Total 3750 files processed
[INFO]-[2022/10/05 17:59:23] Total 3800 files processed
[INFO]-[2022/10/05 17:59:23] Total 3850 files processed
[INFO]-[2022/10/05 17:59:24] Total 3900 files processed
[INFO]-[2022/10/05 17:59:24] Total 3950 files processed
[INFO]-[2022/10/05 17:59:25] Total 4000 files processed
[INFO]-[2022/10/05 17:59:25] Total 4050 files processed
[INFO]-[2022/10/05 17:59:26] Total 4100 files processed
[INFO]-[2022/10/05 17:59:26] Total 4150 files processed
[INFO]-[2022/10/05 17:59:27] Total 4200 files processed
[INFO]-[2022/10/05 17:59:27] Total 4250 files processed
[INFO]-[2022/10/05 17:59:28] Total 4300 files processed
[INFO]-[2022/10/05 17:59:28] Total 4350 files processed
[INFO]-[2022/10/05 17:59:29] Total 4400 files processed
[INFO]-[2022/10/05 17:59:29] Total 4450 files processed
[INFO]-[2022/10/05 17:59:30] Total 4500 files processed
[INFO]-[2022/10/05 17:59:30] Total 4550 files processed
[INFO]-[2022/10/05 17:59:31] Total 4600 files processed
[INFO]-[2022/10/05 17:59:31] Total 4650 files processed
[INFO]-[2022/10/05 17:59:32] Total 4700 files processed
[INFO]-[2022/10/05 17:59:32] Total 4750 files processed
[INFO]-[2022/10/05 17:59:33] Total 4800 files processed
[INFO]-[2022/10/05 17:59:33] Total 4850 files processed
[INFO]-[2022/10/05 17:59:34] Total 4900 files processed
[INFO]-[2022/10/05 17:59:34] Total 4950 files processed
[INFO]-[2022/10/05 17:59:35] Total 5000 files processed
[INFO]-[2022/10/05 17:59:35] Total 5050 files processed
[INFO]-[2022/10/05 17:59:35] Total 5100 files processed
[INFO]-[2022/10/05 17:59:36] Total 5150 files processed
[INFO]-[2022/10/05 17:59:37] Total 5200 files processed
[INFO]-[2022/10/05 17:59:37] Total 5250 files processed
[INFO]-[2022/10/05 17:59:38] Total 5300 files processed
[INFO]-[2022/10/05 17:59:38] Total 5350 files processed
[INFO]-[2022/10/05 17:59:39] Total 5400 files processed
[INFO]-[2022/10/05 17:59:39] Total 5450 files processed
[INFO]-[2022/10/05 17:59:40] Total 5500 files processed
[INFO]-[2022/10/05 17:59:40] Total 5550 files processed
[INFO]-[2022/10/05 17:59:40] Total 5600 files processed
[INFO]-[2022/10/05 17:59:41] Total 5650 files processed
[INFO]-[2022/10/05 17:59:43] Total 5700 files processed
[INFO]-[2022/10/05 17:59:44] Total 5750 files processed
[INFO]-[2022/10/05 17:59:45] Total 5800 files processed
[INFO]-[2022/10/05 17:59:46] Total 5850 files processed
[INFO]-[2022/10/05 17:59:46] Total 5900 files processed
[INFO]-[2022/10/05 17:59:48] Total 5950 files processed
[INFO]-[2022/10/05 17:59:48] Total 6000 files processed
[INFO]-[2022/10/05 17:59:48] Total 6050 files processed
[INFO]-[2022/10/05 17:59:49] Total 6100 files processed
[INFO]-[2022/10/05 17:59:49] Total 6150 files processed
[INFO]-[2022/10/05 17:59:50] Total 6200 files processed
[INFO]-[2022/10/05 17:59:50] Total 6250 files processed
[INFO]-[2022/10/05 17:59:51] Total 6300 files processed
[INFO]-[2022/10/05 17:59:51] Total 6350 files processed
[INFO]-[2022/10/05 17:59:53] Total 6400 files processed
[INFO]-[2022/10/05 17:59:54] Total 6450 files processed
[INFO]-[2022/10/05 17:59:54] Total 6500 files processed
[INFO]-[2022/10/05 17:59:55] Total 6550 files processed
[INFO]-[2022/10/05 17:59:55] Total 6600 files processed
[INFO]-[2022/10/05 17:59:56] Total 6650 files processed
[INFO]-[2022/10/05 17:59:56] Total 6700 files processed
[INFO]-[2022/10/05 17:59:57] Total 6750 files processed
[INFO]-[2022/10/05 17:59:57] Total 6800 files processed
[INFO]-[2022/10/05 17:59:58] Total 6850 files processed
[INFO]-[2022/10/05 17:59:58] Total 6900 files processed
[INFO]-[2022/10/05 17:59:59] Total 6950 files processed
[INFO]-[2022/10/05 18:00:00] Total 7000 files processed
[INFO]-[2022/10/05 18:00:00] Total 7050 files processed
[INFO]-[2022/10/05 18:00:01] Total 7100 files processed
[INFO]-[2022/10/05 18:00:01] Total 7150 files processed
[INFO]-[2022/10/05 18:00:02] Total 7200 files processed
[INFO]-[2022/10/05 18:00:02] Total 7250 files processed
[INFO]-[2022/10/05 18:00:03] Total 7300 files processed
[INFO]-[2022/10/05 18:00:03] Total 7350 files processed
[INFO]-[2022/10/05 18:00:04] Total 7400 files processed
[INFO]-[2022/10/05 18:00:04] Total 7450 files processed
[INFO]-[2022/10/05 18:00:04] Total 7500 files processed
[INFO]-[2022/10/05 18:00:05] Total 7550 files processed
[INFO]-[2022/10/05 18:00:06] Total 7600 files processed
[INFO]-[2022/10/05 18:00:06] Total 7650 files processed
[INFO]-[2022/10/05 18:00:07] Total 7700 files processed
[INFO]-[2022/10/05 18:00:08] Total 7750 files processed
[INFO]-[2022/10/05 18:00:09] Total 7800 files processed
[INFO]-[2022/10/05 18:00:10] Total 7850 files processed
[INFO]-[2022/10/05 18:00:10] Total 7900 files processed
[INFO]-[2022/10/05 18:00:13] Total 7950 files processed
[INFO]-[2022/10/05 18:00:14] Total 8000 files processed
[INFO]-[2022/10/05 18:00:19] Total 8050 files processed
[INFO]-[2022/10/05 18:00:22] Total 8100 files processed
[INFO]-[2022/10/05 18:00:22] Total 8150 files processed
[INFO]-[2022/10/05 18:00:23] Total 8200 files processed
[INFO]-[2022/10/05 18:00:23] Total 8250 files processed
[INFO]-[2022/10/05 18:00:24] Total 8300 files processed
[INFO]-[2022/10/05 18:00:25] Total 8350 files processed
[INFO]-[2022/10/05 18:00:26] Total 8400 files processed
[INFO]-[2022/10/05 18:00:27] Total 8450 files processed
[INFO]-[2022/10/05 18:00:29] Total 8500 files processed
[INFO]-[2022/10/05 18:00:29] Total 8550 files processed
[INFO]-[2022/10/05 18:00:30] Total 8600 files processed
[INFO]-[2022/10/05 18:00:31] Total 8650 files processed
[INFO]-[2022/10/05 18:00:31] Total 8700 files processed
[INFO]-[2022/10/05 18:00:32] Total 8750 files processed
[INFO]-[2022/10/05 18:00:32] Total 8800 files processed
[INFO]-[2022/10/05 18:00:33] Total 8850 files processed
[INFO]-[2022/10/05 18:00:34] Total 8900 files processed
[INFO]-[2022/10/05 18:00:34] Total 8950 files processed
[INFO]-[2022/10/05 18:00:35] Total 9000 files processed
[INFO]-[2022/10/05 18:00:36] Total 9050 files processed
[INFO]-[2022/10/05 18:00:36] Total 9100 files processed
[INFO]-[2022/10/05 18:00:37] Total 9150 files processed
[INFO]-[2022/10/05 18:00:37] Total 9200 files processed
[INFO]-[2022/10/05 18:00:38] Total 9250 files processed
[INFO]-[2022/10/05 18:00:39] Total 9300 files processed
[INFO]-[2022/10/05 18:00:39] Total 9350 files processed
[INFO]-[2022/10/05 18:00:40] Total 9400 files processed
[INFO]-[2022/10/05 18:00:40] Total 9450 files processed
[INFO]-[2022/10/05 18:00:40] Total 9500 files processed
[INFO]-[2022/10/05 18:00:41] Total 9550 files processed
[INFO]-[2022/10/05 18:00:41] Total 9600 files processed
[INFO]-[2022/10/05 18:00:42] Total 9650 files processed
[INFO]-[2022/10/05 18:00:42] Total 9700 files processed
[INFO]-[2022/10/05 18:00:45] Total 9750 files processed
[INFO]-[2022/10/05 18:00:46] Total 9800 files processed
[INFO]-[2022/10/05 18:00:46] Total 9850 files processed
[INFO]-[2022/10/05 18:00:47] Total 9900 files processed
[INFO]-[2022/10/05 18:00:47] Total 9950 files processed
[INFO]-[2022/10/05 18:00:50] Total 10000 files processed
[INFO]-[2022/10/05 18:00:51] Total 10050 files processed
[INFO]-[2022/10/05 18:00:51] Total 10100 files processed
[INFO]-[2022/10/05 18:00:52] Total 10150 files processed
[INFO]-[2022/10/05 18:00:52] Total 10200 files processed
[INFO]-[2022/10/05 18:00:55] Total 10250 files processed
[INFO]-[2022/10/05 18:00:55] Total 10300 files processed
[INFO]-[2022/10/05 18:00:55] Total 10350 files processed
[INFO]-[2022/10/05 18:00:56] Total 10400 files processed
[INFO]-[2022/10/05 18:00:56] Total 10450 files processed
[INFO]-[2022/10/05 18:00:57] Total 10500 files processed
[INFO]-[2022/10/05 18:01:00] Skipped symlinking Wp Uploads Folder
[INFO]-[2022/10/05 18:01:00] Copying files finished
[INFO]-[2022/10/05 18:01:00] DB Data Step 0: Copy wp-config.php file
[INFO]-[2022/10/05 18:01:00] DB Data Step 0: Skipping: wp-config.php already exists in /home/btyo8p1g0ygb/public_html/realtorsshop.com/1664992653492/wp-config.php
[INFO]-[2022/10/05 18:01:01] DB Data Step 1: Updating siteurl and homeurl in wpstg0_options to https://realtorsshop.com/1664992653492
[INFO]-[2022/10/05 18:01:01] DB Data Step 3: Updating db prefix in wpstg0_usermeta.
[INFO]-[2022/10/05 18:01:02] DB Data Step 4: Updating table_prefix in /home/btyo8p1g0ygb/public_html/realtorsshop.com/1664992653492/wp-config.php to wpstg0_
[INFO]-[2022/10/05 18:01:02] DB Data Step 5: WP installation is not in a subdirectory! Skipping this step
[INFO]-[2022/10/05 18:01:03] DB Data Step 6: Updating db prefix in wpstg0_options.
[INFO]-[2022/10/05 18:01:04] DB Data Step 7: Updating constants in wp-config.php
[INFO]-[2022/10/05 18:01:04] DB Data Step 7: Added:UPLOADS
[INFO]-[2022/10/05 18:01:04] DB Data Step 7: Added:WP_PLUGIN_DIR
[INFO]-[2022/10/05 18:01:04] DB Data Step 7: Added:WP_PLUGIN_URL
[INFO]-[2022/10/05 18:01:04] DB Data Step 7: Added:WP_LANG_DIR
[INFO]-[2022/10/05 18:01:04] DB Data Step 7: Added:WP_HOME
[INFO]-[2022/10/05 18:01:04] DB Data Step 7: Added:WP_SITEURL
[INFO]-[2022/10/05 18:01:04] DB Data Step 7: Added:WP_CACHE
[INFO]-[2022/10/05 18:01:04] DB Data Step 7: Added:WP_ENVIRONMENT_TYPE
[INFO]-[2022/10/05 18:01:04] DB Data Step 7: Skipping: WP_ALLOW_MULTISITE not defined in wp-config.php.
[INFO]-[2022/10/05 18:01:04] DB Data Step 7: Skipping: MULTISITE not defined in wp-config.php.
[INFO]-[2022/10/05 18:01:05] Finish: Deleting clone job's cache files...
[INFO]-[2022/10/05 18:01:05] Finish: Clone job's cache files have been deleted!
[INFO]-[2022/10/05 18:01:05] Finish: Verifying existing clones...
[INFO]-[2022/10/05 18:01:05] Finish: The job finished!
