[WP STAGING Manual Logging][info][2022-10-05 17:41:34] Starting from a clean state...
[WP STAGING Manual Logging][info][2022-10-05 17:41:34] Sending request to: https://realtorsshop.com/wp-admin/admin-ajax.php?action=wpstg_ajax_test_action&_ajax_nonce=6486a97da1
[WP STAGING Manual Logging][info][2022-10-05 17:41:34] {"headers":[],"body":"","response":{"code":false,"message":false},"cookies":[],"http_response":null}
[WP STAGING Manual Logging][info][2022-10-05 17:41:34] runAjaxFeatureTest waited 0.0 seconds...
[WP STAGING Manual Logging][info][2022-10-05 17:41:35] Fetched is equal to: 
[WP STAGING Manual Logging][info][2022-10-05 17:41:35] Fetched is equal to (get_option): 
[WP STAGING Manual Logging][info][2022-10-05 17:41:35] runAjaxFeatureTest waited 0.5 seconds...
[WP STAGING Manual Logging][info][2022-10-05 17:41:35] Fetched is equal to: 
[WP STAGING Manual Logging][info][2022-10-05 17:41:35] Fetched is equal to (get_option): 
[WP STAGING Manual Logging][info][2022-10-05 17:41:35] runAjaxFeatureTest waited 1.0 seconds...
[WP STAGING Manual Logging][info][2022-10-05 17:41:36] Fetched is equal to: 
[WP STAGING Manual Logging][info][2022-10-05 17:41:36] Fetched is equal to (get_option): 
[WP STAGING Manual Logging][info][2022-10-05 17:41:36] runAjaxFeatureTest waited 1.5 seconds...
[WP STAGING Manual Logging][info][2022-10-05 17:41:36] Fetched is equal to: 
[WP STAGING Manual Logging][info][2022-10-05 17:41:36] Fetched is equal to (get_option): 
[WP STAGING Manual Logging][info][2022-10-05 17:41:36] runAjaxFeatureTest waited 2.0 seconds...
[WP STAGING Manual Logging][info][2022-10-05 17:41:37] Fetched is equal to: 
[WP STAGING Manual Logging][info][2022-10-05 17:41:37] Fetched is equal to (get_option): 
[WP STAGING Manual Logging][info][2022-10-05 17:41:37] runAjaxFeatureTest waited 2.5 seconds...
[WP STAGING Manual Logging][info][2022-10-05 17:41:37] Fetched is equal to: 
[WP STAGING Manual Logging][info][2022-10-05 17:41:37] Fetched is equal to (get_option): 
[WP STAGING Manual Logging][info][2022-10-05 17:41:37] runAjaxFeatureTest waited 3.0 seconds...
[WP STAGING Manual Logging][info][2022-10-05 17:41:38] Fetched is equal to: 
[WP STAGING Manual Logging][info][2022-10-05 17:41:38] Fetched is equal to (get_option): 
[WP STAGING Manual Logging][info][2022-10-05 17:41:38] runAjaxFeatureTest waited 3.5 seconds...
[WP STAGING Manual Logging][info][2022-10-05 17:41:38] Fetched is equal to: 
[WP STAGING Manual Logging][info][2022-10-05 17:41:38] Fetched is equal to (get_option): 
[WP STAGING Manual Logging][info][2022-10-05 17:41:38] runAjaxFeatureTest waited 4.0 seconds...
[WP STAGING Manual Logging][info][2022-10-05 17:41:39] Fetched is equal to: 
[WP STAGING Manual Logging][info][2022-10-05 17:41:39] Fetched is equal to (get_option): 
[WP STAGING Manual Logging][info][2022-10-05 17:41:39] runAjaxFeatureTest waited 4.5 seconds...
[WP STAGING Manual Logging][info][2022-10-05 17:41:39] Fetched is equal to: 
[WP STAGING Manual Logging][info][2022-10-05 17:41:39] Fetched is equal to (get_option): 
[WP STAGING Manual Logging][info][2022-10-05 17:41:39] runAjaxFeatureTest waited 5.0 seconds...
[WP STAGING Manual Logging][info][2022-10-05 17:41:40] Fetched is equal to: 
[WP STAGING Manual Logging][info][2022-10-05 17:41:40] Fetched is equal to (get_option): 
[WP STAGING Manual Logging][info][2022-10-05 17:41:40] runAjaxFeatureTest waited 5.5 seconds...
[WP STAGING Manual Logging][info][2022-10-05 17:41:40] Fetched is equal to: 
[WP STAGING Manual Logging][info][2022-10-05 17:41:40] Fetched is equal to (get_option): 
[WP STAGING Manual Logging][info][2022-10-05 17:41:40] runAjaxFeatureTest waited 6.0 seconds...
[WP STAGING Manual Logging][info][2022-10-05 17:41:41] Fetched is equal to: 
[WP STAGING Manual Logging][info][2022-10-05 17:41:41] Fetched is equal to (get_option): 
[WP STAGING Manual Logging][info][2022-10-05 17:41:41] runAjaxFeatureTest waited 6.5 seconds...
[WP STAGING Manual Logging][info][2022-10-05 17:41:41] Fetched is equal to: 
[WP STAGING Manual Logging][info][2022-10-05 17:41:41] Fetched is equal to (get_option): 
[WP STAGING Manual Logging][info][2022-10-05 17:41:41] runAjaxFeatureTest waited 7.0 seconds...
[WP STAGING Manual Logging][info][2022-10-05 17:41:42] Fetched is equal to: 
[WP STAGING Manual Logging][info][2022-10-05 17:41:42] Fetched is equal to (get_option): 
[WP STAGING Manual Logging][info][2022-10-05 17:41:42] runAjaxFeatureTest waited 7.5 seconds...
[WP STAGING Manual Logging][info][2022-10-05 17:41:42] Fetched is equal to: 
[WP STAGING Manual Logging][info][2022-10-05 17:41:42] Fetched is equal to (get_option): 
[WP STAGING Manual Logging][info][2022-10-05 17:41:42] runAjaxFeatureTest waited 8.0 seconds...
[WP STAGING Manual Logging][info][2022-10-05 17:41:43] Fetched is equal to: 
[WP STAGING Manual Logging][info][2022-10-05 17:41:43] Fetched is equal to (get_option): 
[WP STAGING Manual Logging][info][2022-10-05 17:41:43] runAjaxFeatureTest waited 8.5 seconds...
[WP STAGING Manual Logging][info][2022-10-05 17:41:43] Fetched is equal to: 
[WP STAGING Manual Logging][info][2022-10-05 17:41:43] Fetched is equal to (get_option): 
[WP STAGING Manual Logging][info][2022-10-05 17:41:43] runAjaxFeatureTest waited 9.0 seconds...
[WP STAGING Manual Logging][info][2022-10-05 17:41:44] Fetched is equal to: 
[WP STAGING Manual Logging][info][2022-10-05 17:41:44] Fetched is equal to (get_option): 
[WP STAGING Manual Logging][info][2022-10-05 17:41:44] runAjaxFeatureTest waited 9.5 seconds...
[WP STAGING Manual Logging][info][2022-10-05 17:41:44] Fetched is equal to: 
[WP STAGING Manual Logging][info][2022-10-05 17:41:44] Fetched is equal to (get_option): 
[WP STAGING Manual Logging][info][2022-10-05 17:41:44] runAjaxFeatureTest waited 10.0 seconds...
[WP STAGING Manual Logging][info][2022-10-05 17:41:45] Fetched is equal to: 
[WP STAGING Manual Logging][info][2022-10-05 17:41:45] Fetched is equal to (get_option): 
[WP STAGING Manual Logging][info][2022-10-05 17:41:45] runAjaxFeatureTest did not work
[WP STAGING Manual Logging][info][2022-10-05 17:41:45] Running Queue Maintenance.
[WP STAGING Manual Logging][info][2022-10-05 17:41:45] Removed 0 actions that were last updated before 2022-09-28 17:41:45.
[WP STAGING Shutdown Function][E_ERROR][2022-10-06 17:21:30] Uncaught Error: Class 'Elementor\Scheme_Color' not found in /home/btyo8p1g0ygb/public_html/realtorsshop.com/wp-content/themes/homeo/inc/vendors/elementor/widgets/heading.php:235
Stack trace:
#0 /home/btyo8p1g0ygb/public_html/realtorsshop.com/wp-content/plugins/elementor/includes/base/controls-stack.php(2280): Elementor\Homeo_Elementor_Widget_Heading->_register_controls()
#1 /home/btyo8p1g0ygb/public_html/realtorsshop.com/wp-content/plugins/elementor/includes/base/controls-stack.php(494): Elementor\Controls_Stack->init_controls()
#2 /home/btyo8p1g0ygb/public_html/realtorsshop.com/wp-content/plugins/elementor/includes/base/widget-base.php(177): Elementor\Controls_Stack->get_stack()
#3 /home/btyo8p1g0ygb/public_html/realtorsshop.com/wp-content/plugins/elementor/includes/managers/widgets.php(336): Elementor\Widget_Base->get_stack(false)
#4 [internal function]: Elementor\Widgets_Manager->ajax_get_widget_types_controls_config(Array, Object(Elementor\Core\Common\Modules\Ajax\Module))
#5 /home/btyo8p1g0ygb/public_htm - File: /home/btyo8p1g0ygb/public_html/realtorsshop.com/wp-content/themes/homeo/inc/vendors/elementor/widgets/heading.php Line: 235 | Is it Fatal Error? Yes | Is it Thrown by WP STAGING? No
[WP STAGING Shutdown Function][E_ERROR][2022-10-06 17:28:10] Uncaught Error: Class 'Elementor\Scheme_Color' not found in /home/btyo8p1g0ygb/public_html/realtorsshop.com/wp-content/themes/homeo/inc/vendors/elementor/widgets/heading.php:235
Stack trace:
#0 /home/btyo8p1g0ygb/public_html/realtorsshop.com/wp-content/plugins/elementor/includes/base/controls-stack.php(2280): Elementor\Homeo_Elementor_Widget_Heading->_register_controls()
#1 /home/btyo8p1g0ygb/public_html/realtorsshop.com/wp-content/plugins/elementor/includes/base/controls-stack.php(494): Elementor\Controls_Stack->init_controls()
#2 /home/btyo8p1g0ygb/public_html/realtorsshop.com/wp-content/plugins/elementor/includes/base/widget-base.php(177): Elementor\Controls_Stack->get_stack()
#3 /home/btyo8p1g0ygb/public_html/realtorsshop.com/wp-content/plugins/elementor/includes/managers/widgets.php(336): Elementor\Widget_Base->get_stack(false)
#4 [internal function]: Elementor\Widgets_Manager->ajax_get_widget_types_controls_config(Array, Object(Elementor\Core\Common\Modules\Ajax\Module))
#5 /home/btyo8p1g0ygb/public_htm - File: /home/btyo8p1g0ygb/public_html/realtorsshop.com/wp-content/themes/homeo/inc/vendors/elementor/widgets/heading.php Line: 235 | Is it Fatal Error? Yes | Is it Thrown by WP STAGING? No
[WP STAGING Shutdown Function][E_ERROR][2022-10-06 17:33:19] Uncaught Error: Class 'Elementor\Scheme_Color' not found in /home/btyo8p1g0ygb/public_html/realtorsshop.com/wp-content/themes/homeo/inc/vendors/elementor/widgets/heading.php:235
Stack trace:
#0 /home/btyo8p1g0ygb/public_html/realtorsshop.com/wp-content/plugins/elementor/includes/base/controls-stack.php(2308): Elementor\Homeo_Elementor_Widget_Heading->_register_controls()
#1 /home/btyo8p1g0ygb/public_html/realtorsshop.com/wp-content/plugins/elementor/includes/base/controls-stack.php(496): Elementor\Controls_Stack->init_controls()
#2 /home/btyo8p1g0ygb/public_html/realtorsshop.com/wp-content/plugins/elementor/includes/base/widget-base.php(177): Elementor\Controls_Stack->get_stack()
#3 /home/btyo8p1g0ygb/public_html/realtorsshop.com/wp-content/plugins/elementor/includes/managers/widgets.php(351): Elementor\Widget_Base->get_stack(false)
#4 [internal function]: Elementor\Widgets_Manager->ajax_get_widget_types_controls_config(Array, Object(Elementor\Core\Common\Modules\Ajax\Module))
#5 /home/btyo8p1g0ygb/public_htm - File: /home/btyo8p1g0ygb/public_html/realtorsshop.com/wp-content/themes/homeo/inc/vendors/elementor/widgets/heading.php Line: 235 | Is it Fatal Error? Yes | Is it Thrown by WP STAGING? No
[WP STAGING Shutdown Function][E_ERROR][2022-10-06 17:34:42] Uncaught Error: Class 'Elementor\Scheme_Color' not found in /home/btyo8p1g0ygb/public_html/realtorsshop.com/wp-content/themes/homeo/inc/vendors/elementor/widgets/heading.php:235
Stack trace:
#0 /home/btyo8p1g0ygb/public_html/realtorsshop.com/wp-content/plugins/elementor/includes/base/controls-stack.php(2308): Elementor\Homeo_Elementor_Widget_Heading->_register_controls()
#1 /home/btyo8p1g0ygb/public_html/realtorsshop.com/wp-content/plugins/elementor/includes/base/controls-stack.php(496): Elementor\Controls_Stack->init_controls()
#2 /home/btyo8p1g0ygb/public_html/realtorsshop.com/wp-content/plugins/elementor/includes/base/widget-base.php(177): Elementor\Controls_Stack->get_stack()
#3 /home/btyo8p1g0ygb/public_html/realtorsshop.com/wp-content/plugins/elementor/includes/managers/widgets.php(351): Elementor\Widget_Base->get_stack(false)
#4 [internal function]: Elementor\Widgets_Manager->ajax_get_widget_types_controls_config(Array, Object(Elementor\Core\Common\Modules\Ajax\Module))
#5 /home/btyo8p1g0ygb/public_htm - File: /home/btyo8p1g0ygb/public_html/realtorsshop.com/wp-content/themes/homeo/inc/vendors/elementor/widgets/heading.php Line: 235 | Is it Fatal Error? Yes | Is it Thrown by WP STAGING? No
[WP STAGING Manual Logging][info][2022-10-06 17:41:36] Running Queue Maintenance.
[WP STAGING Manual Logging][info][2022-10-06 17:41:36] Removed 0 actions that were last updated before 2022-09-29 17:41:36.
[WP STAGING Manual Logging][info][2022-10-07 17:41:46] Running Queue Maintenance.
[WP STAGING Manual Logging][info][2022-10-07 17:41:46] Removed 0 actions that were last updated before 2022-09-30 17:41:46.
[WP STAGING Manual Logging][info][2022-10-08 17:43:21] Running Queue Maintenance.
[WP STAGING Manual Logging][info][2022-10-08 17:43:21] Removed 0 actions that were last updated before 2022-10-01 17:43:21.
[WP STAGING Manual Logging][info][2022-10-09 17:44:14] Running Queue Maintenance.
[WP STAGING Manual Logging][info][2022-10-09 17:44:14] Removed 0 actions that were last updated before 2022-10-02 17:44:14.
[WP STAGING Manual Logging][info][2022-10-10 17:42:02] Running Queue Maintenance.
[WP STAGING Manual Logging][info][2022-10-10 17:42:02] Removed 0 actions that were last updated before 2022-10-03 17:42:02.
[WP STAGING Manual Logging][info][2022-10-11 17:45:12] Running Queue Maintenance.
[WP STAGING Manual Logging][info][2022-10-11 17:45:12] Removed 0 actions that were last updated before 2022-10-04 17:45:12.
[WP STAGING Shutdown Function][E_WARNING][2022-10-12 14:55:11] implode(): Invalid arguments passed - File: /home/btyo8p1g0ygb/public_html/realtorsshop.com/wp-content/plugins/wp-staging/Backend/Feedback/Feedback.php Line: 53 | Is it Fatal Error? No | Is it Thrown by WP STAGING? Yes
